2025-10-09 12:49:24,168 [trainer.py] => test_only: False
2025-10-09 12:49:24,168 [trainer.py] => dataset: imagenet-r
2025-10-09 12:49:24,168 [trainer.py] => smart_defaults: False
2025-10-09 12:49:24,168 [trainer.py] => prefix: original
2025-10-09 12:49:24,168 [trainer.py] => memory_size: 0
2025-10-09 12:49:24,168 [trainer.py] => memory_per_class: 0
2025-10-09 12:49:24,168 [trainer.py] => fixed_memory: False
2025-10-09 12:49:24,168 [trainer.py] => shuffle: True
2025-10-09 12:49:24,168 [trainer.py] => init_cls: 20
2025-10-09 12:49:24,168 [trainer.py] => increment: 20
2025-10-09 12:49:24,168 [trainer.py] => model_name: sldc
2025-10-09 12:49:24,168 [trainer.py] => vit_type: vit-b-p16-mocov3
2025-10-09 12:49:24,169 [trainer.py] => lora_type: basic_lora
2025-10-09 12:49:24,169 [trainer.py] => weight_decay: 3e-05
2025-10-09 12:49:24,169 [trainer.py] => device: [device(type='cuda', index=0)]
2025-10-09 12:49:24,169 [trainer.py] => lora_rank: 4
2025-10-09 12:49:24,169 [trainer.py] => num_used_layers: 1
2025-10-09 12:49:24,169 [trainer.py] => sce_a: 0.5
2025-10-09 12:49:24,169 [trainer.py] => sce_b: 0.5
2025-10-09 12:49:24,169 [trainer.py] => seed: 1990
2025-10-09 12:49:24,169 [trainer.py] => epochs: 1
2025-10-09 12:49:24,169 [trainer.py] => ca_epochs: 5
2025-10-09 12:49:24,169 [trainer.py] => optimizer: adamw
2025-10-09 12:49:24,169 [trainer.py] => lrate: 0.0001
2025-10-09 12:49:24,169 [trainer.py] => head_scale: 10.0
2025-10-09 12:49:24,169 [trainer.py] => batch_size: 16
2025-10-09 12:49:24,169 [trainer.py] => tune_classifier: True
2025-10-09 12:49:24,169 [trainer.py] => gamma_norm: 0.1
2025-10-09 12:49:24,169 [trainer.py] => gamma_kd: 1.0
2025-10-09 12:49:24,169 [trainer.py] => kd_type: feat
2025-10-09 12:49:24,169 [trainer.py] => only_lora: True
2025-10-09 12:49:24,169 [trainer.py] => user: null
2025-10-09 12:49:24,169 [trainer.py] => num_workers: 4
2025-10-09 12:49:24,169 [trainer.py] => use_linear_compensation: False
2025-10-09 12:49:24,169 [trainer.py] => use_weak_nonlinear_compensation: True
2025-10-09 12:49:24,169 [trainer.py] => use_mlp_compensation: False
2025-10-09 12:49:24,169 [trainer.py] => gamma_1: 0.0001
2025-10-09 12:49:24,169 [trainer.py] => gamma_2: 0.5
2025-10-09 12:49:24,169 [trainer.py] => alpha_t: 1.0
2025-10-09 12:49:24,169 [trainer.py] => use_auxiliary_data_enhancement: True
2025-10-09 12:49:24,169 [trainer.py] => auxiliary_data_path: /data1/open_datasets/ImageNet-2012/train/
2025-10-09 12:49:24,169 [trainer.py] => auxiliary_data_size: 1024
2025-10-09 12:49:24,169 [trainer.py] => run_id: 0
2025-10-09 12:49:24,169 [trainer.py] => log_path: sldc_0624_logs_null/imagenet-r_vit-b-p16-mocov3/init-20_inc-20_optim-adamw_lr-0.0001_kd-1.0_norm-0.1_type-feat_tem-1.0_gamma_2-0.5_bz-16_epoch-1_seed-1990_onlylora
2025-10-09 12:49:24,244 [data_manager.py] => [57, 151, 18, 42, 62, 80, 92, 46, 43, 154, 34, 26, 171, 164, 142, 103, 135, 56, 199, 33, 19, 119, 12, 166, 14, 75, 24, 32, 44, 11, 71, 107, 0, 97, 185, 13, 45, 174, 188, 77, 190, 52, 128, 10, 101, 178, 132, 189, 169, 86, 147, 76, 21, 186, 197, 117, 114, 15, 7, 170, 37, 153, 79, 176, 179, 193, 68, 2, 51, 90, 78, 17, 1, 83, 175, 94, 25, 144, 139, 120, 39, 104, 64, 73, 149, 16, 113, 59, 129, 20, 31, 50, 87, 140, 152, 108, 6, 123, 198, 36, 187, 69, 173, 8, 67, 102, 137, 192, 9, 98, 61, 29, 53, 35, 167, 158, 184, 155, 180, 115, 84, 172, 110, 111, 194, 112, 48, 58, 181, 96, 148, 141, 100, 161, 159, 109, 145, 3, 125, 183, 41, 28, 65, 195, 150, 118, 136, 5, 106, 124, 163, 191, 60, 47, 27, 4, 23, 81, 63, 72, 49, 91, 85, 131, 165, 38, 74, 182, 127, 126, 157, 93, 130, 122, 156, 55, 99, 88, 168, 177, 134, 54, 82, 66, 196, 160, 89, 146, 143, 121, 95, 162, 22, 133, 70, 138, 40, 105, 30, 116]
2025-10-09 12:51:41,209 [trainer.py] => test_only: False
2025-10-09 12:51:41,209 [trainer.py] => dataset: imagenet-r
2025-10-09 12:51:41,209 [trainer.py] => smart_defaults: False
2025-10-09 12:51:41,209 [trainer.py] => prefix: original
2025-10-09 12:51:41,209 [trainer.py] => memory_size: 0
2025-10-09 12:51:41,209 [trainer.py] => memory_per_class: 0
2025-10-09 12:51:41,209 [trainer.py] => fixed_memory: False
2025-10-09 12:51:41,210 [trainer.py] => shuffle: True
2025-10-09 12:51:41,210 [trainer.py] => init_cls: 20
2025-10-09 12:51:41,210 [trainer.py] => increment: 20
2025-10-09 12:51:41,210 [trainer.py] => model_name: sldc
2025-10-09 12:51:41,210 [trainer.py] => vit_type: vit-b-p16-mocov3
2025-10-09 12:51:41,210 [trainer.py] => lora_type: basic_lora
2025-10-09 12:51:41,210 [trainer.py] => weight_decay: 3e-05
2025-10-09 12:51:41,210 [trainer.py] => device: [device(type='cuda', index=0)]
2025-10-09 12:51:41,210 [trainer.py] => lora_rank: 4
2025-10-09 12:51:41,210 [trainer.py] => num_used_layers: 1
2025-10-09 12:51:41,210 [trainer.py] => sce_a: 0.5
2025-10-09 12:51:41,210 [trainer.py] => sce_b: 0.5
2025-10-09 12:51:41,210 [trainer.py] => seed: 1990
2025-10-09 12:51:41,210 [trainer.py] => epochs: 1
2025-10-09 12:51:41,210 [trainer.py] => ca_epochs: 5
2025-10-09 12:51:41,210 [trainer.py] => optimizer: adamw
2025-10-09 12:51:41,210 [trainer.py] => lrate: 0.0001
2025-10-09 12:51:41,210 [trainer.py] => head_scale: 10.0
2025-10-09 12:51:41,210 [trainer.py] => batch_size: 16
2025-10-09 12:51:41,210 [trainer.py] => tune_classifier: True
2025-10-09 12:51:41,210 [trainer.py] => gamma_norm: 0.1
2025-10-09 12:51:41,210 [trainer.py] => gamma_kd: 1.0
2025-10-09 12:51:41,210 [trainer.py] => kd_type: feat
2025-10-09 12:51:41,210 [trainer.py] => only_lora: True
2025-10-09 12:51:41,210 [trainer.py] => user: null
2025-10-09 12:51:41,210 [trainer.py] => num_workers: 4
2025-10-09 12:51:41,210 [trainer.py] => use_linear_compensation: False
2025-10-09 12:51:41,210 [trainer.py] => use_weak_nonlinear_compensation: True
2025-10-09 12:51:41,210 [trainer.py] => use_mlp_compensation: False
2025-10-09 12:51:41,210 [trainer.py] => gamma_1: 0.0001
2025-10-09 12:51:41,210 [trainer.py] => gamma_2: 0.5
2025-10-09 12:51:41,210 [trainer.py] => alpha_t: 1.0
2025-10-09 12:51:41,210 [trainer.py] => use_auxiliary_data_enhancement: True
2025-10-09 12:51:41,210 [trainer.py] => auxiliary_data_path: /data1/open_datasets/ImageNet-2012/train/
2025-10-09 12:51:41,210 [trainer.py] => auxiliary_data_size: 1024
2025-10-09 12:51:41,210 [trainer.py] => run_id: 0
2025-10-09 12:51:41,210 [trainer.py] => log_path: sldc_0624_logs_null/imagenet-r_vit-b-p16-mocov3/init-20_inc-20_optim-adamw_lr-0.0001_kd-1.0_norm-0.1_type-feat_tem-1.0_gamma_2-0.5_bz-16_epoch-1_seed-1990_onlylora
2025-10-09 12:51:41,284 [data_manager.py] => [57, 151, 18, 42, 62, 80, 92, 46, 43, 154, 34, 26, 171, 164, 142, 103, 135, 56, 199, 33, 19, 119, 12, 166, 14, 75, 24, 32, 44, 11, 71, 107, 0, 97, 185, 13, 45, 174, 188, 77, 190, 52, 128, 10, 101, 178, 132, 189, 169, 86, 147, 76, 21, 186, 197, 117, 114, 15, 7, 170, 37, 153, 79, 176, 179, 193, 68, 2, 51, 90, 78, 17, 1, 83, 175, 94, 25, 144, 139, 120, 39, 104, 64, 73, 149, 16, 113, 59, 129, 20, 31, 50, 87, 140, 152, 108, 6, 123, 198, 36, 187, 69, 173, 8, 67, 102, 137, 192, 9, 98, 61, 29, 53, 35, 167, 158, 184, 155, 180, 115, 84, 172, 110, 111, 194, 112, 48, 58, 181, 96, 148, 141, 100, 161, 159, 109, 145, 3, 125, 183, 41, 28, 65, 195, 150, 118, 136, 5, 106, 124, 163, 191, 60, 47, 27, 4, 23, 81, 63, 72, 49, 91, 85, 131, 165, 38, 74, 182, 127, 126, 157, 93, 130, 122, 156, 55, 99, 88, 168, 177, 134, 54, 82, 66, 196, 160, 89, 146, 143, 121, 95, 162, 22, 133, 70, 138, 40, 105, 30, 116]
